# JRE version: Java(TM) SE Runtime Environment (17.0.11+7) (build 17.0.11+7-LTS-207)
# Java VM: Java HotSpot(TM) 64-Bit Server VM (17.0.11+7-LTS-207, mixed mode, sharing, tiered, compressed oops, compressed class ptrs, g1 gc, windows-amd64)
GC Precious Log:
 CPUs: 6 total, 6 available
 Memory: 24399M
 Large Page Support: Disabled
 NUMA Support: Disabled
 Compressed Oops: Enabled (Zero based)
 Heap Region Size: 4M
 Heap Min Capacity: 8M
 Heap Initial Capacity: 384M
 Heap Max Capacity: 6100M
 Pre-touch: Disabled
 Parallel Workers: 6
 Concurrent Workers: 2
 Concurrent Refinement Workers: 6
 Periodic GC: Disabled
Heap:
 garbage-first heap   total 81920K, used 42464K [0x0000000682c00000, 0x0000000800000000)
  region size 4096K, 7 young (28672K), 2 survivors (8192K)
 Metaspace       used 57033K, committed 57664K, reserved 1114112K
  class space    used 6798K, committed 7104K, reserved 1048576K
GC Heap History (20 events):
Event: 1.107 GC heap before
{Heap before GC invocations=2 (full 0):
 garbage-first heap   total 393216K, used 39289K [0x0000000682c00000, 0x0000000800000000)
  region size 4096K, 9 young (36864K), 1 survivors (4096K)
 Metaspace       used 14766K, committed 15040K, reserved 1114112K
  class space    used 1859K, committed 1984K, reserved 1048576K
}
Event: 1.110 GC heap after
{Heap after GC invocations=3 (full 0):
 garbage-first heap   total 393216K, used 8702K [0x0000000682c00000, 0x0000000800000000)
  region size 4096K, 1 young (4096K), 1 survivors (4096K)
 Metaspace       used 14766K, committed 15040K, reserved 1114112K
  class space    used 1859K, committed 1984K, reserved 1048576K
}
Event: 1.846 GC heap before
{Heap before GC invocations=3 (full 0):
 garbage-first heap   total 393216K, used 57854K [0x0000000682c00000, 0x0000000800000000)
  region size 4096K, 14 young (57344K), 1 survivors (4096K)
 Metaspace       used 21238K, committed 21504K, reserved 1114112K
  class space    used 2647K, committed 2816K, reserved 1048576K
}
Event: 1.850 GC heap after
{Heap after GC invocations=4 (full 0):
 garbage-first heap   total 393216K, used 12695K [0x0000000682c00000, 0x0000000800000000)
  region size 4096K, 2 young (8192K), 2 survivors (8192K)
 Metaspace       used 21238K, committed 21504K, reserved 1114112K
  class space    used 2647K, committed 2816K, reserved 1048576K
}
Event: 2.469 GC heap before
{Heap before GC invocations=5 (full 0):
 garbage-first heap   total 69632K, used 45463K [0x0000000682c00000, 0x0000000800000000)
  region size 4096K, 10 young (40960K), 2 survivors (8192K)
 Metaspace       used 28070K, committed 28480K, reserved 1114112K
  class space    used 3525K, committed 3712K, reserved 1048576K
}
Event: 2.476 GC heap after
{Heap after GC invocations=6 (full 0):
 garbage-first heap   total 69632K, used 15505K [0x0000000682c00000, 0x0000000800000000)
  region size 4096K, 2 young (8192K), 2 survivors (8192K)
 Metaspace       used 28070K, committed 28480K, reserved 1114112K
  class space    used 3525K, committed 3712K, reserved 1048576K
}
Event: 2.519 GC heap before
{Heap before GC invocations=6 (full 0):
 garbage-first heap   total 69632K, used 15505K [0x0000000682c00000, 0x0000000800000000)
  region size 4096K, 3 young (12288K), 2 survivors (8192K)
 Metaspace       used 28253K, committed 28736K, reserved 1114112K
  class space    used 3532K, committed 3776K, reserved 1048576K
}
Event: 2.526 GC heap after
{Heap after GC invocations=7 (full 0):
 garbage-first heap   total 69632K, used 16612K [0x0000000682c00000, 0x0000000800000000)
  region size 4096K, 1 young (4096K), 1 survivors (4096K)
 Metaspace       used 28253K, committed 28736K, reserved 1114112K
  class space    used 3532K, committed 3776K, reserved 1048576K
}
Event: 2.839 GC heap before
{Heap before GC invocations=7 (full 0):
 garbage-first heap   total 69632K, used 45284K [0x0000000682c00000, 0x0000000800000000)
  region size 4096K, 8 young (32768K), 1 survivors (4096K)
 Metaspace       used 32048K, committed 32512K, reserved 1114112K
  class space    used 4082K, committed 4288K, reserved 1048576K
}
Event: 2.843 GC heap after
{Heap after GC invocations=8 (full 0):
 garbage-first heap   total 69632K, used 16457K [0x0000000682c00000, 0x0000000800000000)
  region size 4096K, 1 young (4096K), 1 survivors (4096K)
 Metaspace       used 32048K, committed 32512K, reserved 1114112K
  class space    used 4082K, committed 4288K, reserved 1048576K
}
Event: 3.186 GC heap before
{Heap before GC invocations=8 (full 0):
 garbage-first heap   total 69632K, used 36937K [0x0000000682c00000, 0x0000000800000000)
  region size 4096K, 7 young (28672K), 1 survivors (4096K)
 Metaspace       used 35660K, committed 36096K, reserved 1114112K
  class space    used 4648K, committed 4864K, reserved 1048576K
}
Event: 3.190 GC heap after
{Heap after GC invocations=9 (full 0):
 garbage-first heap   total 233472K, used 18567K [0x0000000682c00000, 0x0000000800000000)
  region size 4096K, 1 young (4096K), 1 survivors (4096K)
 Metaspace       used 35660K, committed 36096K, reserved 1114112K
  class space    used 4648K, committed 4864K, reserved 1048576K
}
Event: 10.071 GC heap before
{Heap before GC invocations=10 (full 0):
 garbage-first heap   total 81920K, used 63623K [0x0000000682c00000, 0x0000000800000000)
  region size 4096K, 12 young (49152K), 1 survivors (4096K)
 Metaspace       used 42422K, committed 42880K, reserved 1114112K
  class space    used 5454K, committed 5696K, reserved 1048576K
}
Event: 10.078 GC heap after
{Heap after GC invocations=11 (full 0):
 garbage-first heap   total 81920K, used 22053K [0x0000000682c00000, 0x0000000800000000)
  region size 4096K, 2 young (8192K), 2 survivors (8192K)
 Metaspace       used 42422K, committed 42880K, reserved 1114112K
  class space    used 5454K, committed 5696K, reserved 1048576K
}
Event: 10.139 GC heap before
{Heap before GC invocations=11 (full 0):
 garbage-first heap   total 81920K, used 22053K [0x0000000682c00000, 0x0000000800000000)
  region size 4096K, 3 young (12288K), 2 survivors (8192K)
 Metaspace       used 43601K, committed 44096K, reserved 1114112K
  class space    used 5511K, committed 5760K, reserved 1048576K
}
Event: 10.145 GC heap after
{Heap after GC invocations=12 (full 0):
 garbage-first heap   total 81920K, used 22273K [0x0000000682c00000, 0x0000000800000000)
  region size 4096K, 1 young (4096K), 1 survivors (4096K)
 Metaspace       used 43601K, committed 44096K, reserved 1114112K
  class space    used 5511K, committed 5760K, reserved 1048576K
}
Event: 124.341 GC heap before
{Heap before GC invocations=12 (full 0):
 garbage-first heap   total 81920K, used 50945K [0x0000000682c00000, 0x0000000800000000)
  region size 4096K, 9 young (36864K), 1 survivors (4096K)
 Metaspace       used 50802K, committed 51328K, reserved 1114112K
  class space    used 6231K, committed 6464K, reserved 1048576K
}
Event: 124.344 GC heap after
{Heap after GC invocations=13 (full 0):
 garbage-first heap   total 81920K, used 23558K [0x0000000682c00000, 0x0000000800000000)
  region size 4096K, 1 young (4096K), 1 survivors (4096K)
 Metaspace       used 50802K, committed 51328K, reserved 1114112K
  class space    used 6231K, committed 6464K, reserved 1048576K
}
Event: 142.907 GC heap before
{Heap before GC invocations=13 (full 0):
 garbage-first heap   total 81920K, used 52230K [0x0000000682c00000, 0x0000000800000000)
  region size 4096K, 9 young (36864K), 1 survivors (4096K)
 Metaspace       used 55838K, committed 56384K, reserved 1114112K
  class space    used 6740K, committed 7040K, reserved 1048576K
}
Event: 142.909 GC heap after
{Heap after GC invocations=14 (full 0):
 garbage-first heap   total 81920K, used 26080K [0x0000000682c00000, 0x0000000800000000)
  region size 4096K, 2 young (8192K), 2 survivors (8192K)
 Metaspace       used 55838K, committed 56384K, reserved 1114112K
  class space    used 6740K, committed 7040K, reserved 1048576K
}

