# JRE version: OpenJDK Runtime Environment Temurin-17.0.11+9 (17.0.11+9) (build 17.0.11+9)
# Java VM: OpenJDK 64-Bit Server VM Temurin-17.0.11+9 (17.0.11+9, mixed mode, tiered, compressed oops, compressed class ptrs, parallel gc, windows-amd64)
GC Precious Log:
 CPUs: 6 total, 6 available
 Memory: 24399M
 Large Page Support: Disabled
 NUMA Support: Disabled
 Compressed Oops: Enabled (32-bit)
 Alignments: Space 512K, Generation 512K, Heap 2M
 Heap Min Capacity: 100M
 Heap Initial Capacity: 100M
 Heap Max Capacity: 1G
 Pre-touch: Disabled
 Parallel Workers: 6
Heap:
 PSYoungGen      total 4608K, used 1820K [0x00000000eab00000, 0x00000000eb180000, 0x0000000100000000)
  eden space 4096K, 40% used [0x00000000eab00000,0x00000000eac9f380,0x00000000eaf00000)
  from space 512K, 31% used [0x00000000eb100000,0x00000000eb128000,0x00000000eb180000)
  to   space 1024K, 0% used [0x00000000eaf80000,0x00000000eaf80000,0x00000000eb080000)
 ParOldGen       total 163840K, used 147186K [0x00000000c0000000, 0x00000000ca000000, 0x00000000eab00000)
  object space 163840K, 89% used [0x00000000c0000000,0x00000000c8fbca30,0x00000000ca000000)
 Metaspace       used 101749K, committed 103168K, reserved 1179648K
  class space    used 10486K, committed 11136K, reserved 1048576K
GC Heap History (20 events):
Event: 1571.642 GC heap before
{Heap before GC invocations=2659 (full 41):
 PSYoungGen      total 3072K, used 2943K [0x00000000eab00000, 0x00000000eaf80000, 0x0000000100000000)
  eden space 2048K, 99% used [0x00000000eab00000,0x00000000eacfffd0,0x00000000ead00000)
  from space 1024K, 87% used [0x00000000ead00000,0x00000000eade0000,0x00000000eae00000)
  to   space 1024K, 0% used [0x00000000eae80000,0x00000000eae80000,0x00000000eaf80000)
 ParOldGen       total 163840K, used 141485K [0x00000000c0000000, 0x00000000ca000000, 0x00000000eab00000)
  object space 163840K, 86% used [0x00000000c0000000,0x00000000c8a2b740,0x00000000ca000000)
 Metaspace       used 101699K, committed 103104K, reserved 1179648K
  class space    used 10485K, committed 11136K, reserved 1048576K
}
Event: 1571.643 GC heap after
{Heap after GC invocations=2659 (full 41):
 PSYoungGen      total 3584K, used 448K [0x00000000eab00000, 0x00000000eaf80000, 0x0000000100000000)
  eden space 2560K, 0% used [0x00000000eab00000,0x00000000eab00000,0x00000000ead80000)
  from space 1024K, 43% used [0x00000000eae80000,0x00000000eaef0000,0x00000000eaf80000)
  to   space 1024K, 0% used [0x00000000ead80000,0x00000000ead80000,0x00000000eae80000)
 ParOldGen       total 163840K, used 142285K [0x00000000c0000000, 0x00000000ca000000, 0x00000000eab00000)
  object space 163840K, 86% used [0x00000000c0000000,0x00000000c8af3440,0x00000000ca000000)
 Metaspace       used 101699K, committed 103104K, reserved 1179648K
  class space    used 10485K, committed 11136K, reserved 1048576K
}
Event: 1571.650 GC heap before
{Heap before GC invocations=2660 (full 41):
 PSYoungGen      total 3584K, used 3008K [0x00000000eab00000, 0x00000000eaf80000, 0x0000000100000000)
  eden space 2560K, 100% used [0x00000000eab00000,0x00000000ead80000,0x00000000ead80000)
  from space 1024K, 43% used [0x00000000eae80000,0x00000000eaef0000,0x00000000eaf80000)
  to   space 1024K, 0% used [0x00000000ead80000,0x00000000ead80000,0x00000000eae80000)
 ParOldGen       total 163840K, used 142285K [0x00000000c0000000, 0x00000000ca000000, 0x00000000eab00000)
  object space 163840K, 86% used [0x00000000c0000000,0x00000000c8af3440,0x00000000ca000000)
 Metaspace       used 101706K, committed 103104K, reserved 1179648K
  class space    used 10485K, committed 11136K, reserved 1048576K
}
Event: 1571.651 GC heap after
{Heap after GC invocations=2660 (full 41):
 PSYoungGen      total 3584K, used 512K [0x00000000eab00000, 0x00000000eb000000, 0x0000000100000000)
  eden space 2560K, 0% used [0x00000000eab00000,0x00000000eab00000,0x00000000ead80000)
  from space 1024K, 50% used [0x00000000ead80000,0x00000000eae00000,0x00000000eae80000)
  to   space 1024K, 0% used [0x00000000eaf00000,0x00000000eaf00000,0x00000000eb000000)
 ParOldGen       total 163840K, used 142573K [0x00000000c0000000, 0x00000000ca000000, 0x00000000eab00000)
  object space 163840K, 87% used [0x00000000c0000000,0x00000000c8b3b440,0x00000000ca000000)
 Metaspace       used 101706K, committed 103104K, reserved 1179648K
  class space    used 10485K, committed 11136K, reserved 1048576K
}
Event: 1571.655 GC heap before
{Heap before GC invocations=2661 (full 41):
 PSYoungGen      total 3584K, used 3072K [0x00000000eab00000, 0x00000000eb000000, 0x0000000100000000)
  eden space 2560K, 100% used [0x00000000eab00000,0x00000000ead80000,0x00000000ead80000)
  from space 1024K, 50% used [0x00000000ead80000,0x00000000eae00000,0x00000000eae80000)
  to   space 1024K, 0% used [0x00000000eaf00000,0x00000000eaf00000,0x00000000eb000000)
 ParOldGen       total 163840K, used 142573K [0x00000000c0000000, 0x00000000ca000000, 0x00000000eab00000)
  object space 163840K, 87% used [0x00000000c0000000,0x00000000c8b3b440,0x00000000ca000000)
 Metaspace       used 101714K, committed 103104K, reserved 1179648K
  class space    used 10485K, committed 11136K, reserved 1048576K
}
Event: 1571.656 GC heap after
{Heap after GC invocations=2661 (full 41):
 PSYoungGen      total 4096K, used 672K [0x00000000eab00000, 0x00000000eb000000, 0x0000000100000000)
  eden space 3072K, 0% used [0x00000000eab00000,0x00000000eab00000,0x00000000eae00000)
  from space 1024K, 65% used [0x00000000eaf00000,0x00000000eafa8000,0x00000000eb000000)
  to   space 1024K, 0% used [0x00000000eae00000,0x00000000eae00000,0x00000000eaf00000)
 ParOldGen       total 163840K, used 142988K [0x00000000c0000000, 0x00000000ca000000, 0x00000000eab00000)
  object space 163840K, 87% used [0x00000000c0000000,0x00000000c8ba31f0,0x00000000ca000000)
 Metaspace       used 101714K, committed 103104K, reserved 1179648K
  class space    used 10485K, committed 11136K, reserved 1048576K
}
Event: 1571.663 GC heap before
{Heap before GC invocations=2662 (full 41):
 PSYoungGen      total 4096K, used 3744K [0x00000000eab00000, 0x00000000eb000000, 0x0000000100000000)
  eden space 3072K, 100% used [0x00000000eab00000,0x00000000eae00000,0x00000000eae00000)
  from space 1024K, 65% used [0x00000000eaf00000,0x00000000eafa8000,0x00000000eb000000)
  to   space 1024K, 0% used [0x00000000eae00000,0x00000000eae00000,0x00000000eaf00000)
 ParOldGen       total 163840K, used 142988K [0x00000000c0000000, 0x00000000ca000000, 0x00000000eab00000)
  object space 163840K, 87% used [0x00000000c0000000,0x00000000c8ba31f0,0x00000000ca000000)
 Metaspace       used 101714K, committed 103104K, reserved 1179648K
  class space    used 10485K, committed 11136K, reserved 1048576K
}
Event: 1571.666 GC heap after
{Heap after GC invocations=2662 (full 41):
 PSYoungGen      total 4096K, used 608K [0x00000000eab00000, 0x00000000eb100000, 0x0000000100000000)
  eden space 3072K, 0% used [0x00000000eab00000,0x00000000eab00000,0x00000000eae00000)
  from space 1024K, 59% used [0x00000000eae00000,0x00000000eae98020,0x00000000eaf00000)
  to   space 1024K, 0% used [0x00000000eb000000,0x00000000eb000000,0x00000000eb100000)
 ParOldGen       total 163840K, used 143564K [0x00000000c0000000, 0x00000000ca000000, 0x00000000eab00000)
  object space 163840K, 87% used [0x00000000c0000000,0x00000000c8c331f0,0x00000000ca000000)
 Metaspace       used 101714K, committed 103104K, reserved 1179648K
  class space    used 10485K, committed 11136K, reserved 1048576K
}
Event: 1571.673 GC heap before
{Heap before GC invocations=2663 (full 41):
 PSYoungGen      total 4096K, used 3680K [0x00000000eab00000, 0x00000000eb100000, 0x0000000100000000)
  eden space 3072K, 100% used [0x00000000eab00000,0x00000000eae00000,0x00000000eae00000)
  from space 1024K, 59% used [0x00000000eae00000,0x00000000eae98020,0x00000000eaf00000)
  to   space 1024K, 0% used [0x00000000eb000000,0x00000000eb000000,0x00000000eb100000)
 ParOldGen       total 163840K, used 143564K [0x00000000c0000000, 0x00000000ca000000, 0x00000000eab00000)
  object space 163840K, 87% used [0x00000000c0000000,0x00000000c8c331f0,0x00000000ca000000)
 Metaspace       used 101714K, committed 103104K, reserved 1179648K
  class space    used 10485K, committed 11136K, reserved 1048576K
}
Event: 1571.674 GC heap after
{Heap after GC invocations=2663 (full 41):
 PSYoungGen      total 5120K, used 480K [0x00000000eab00000, 0x00000000eb100000, 0x0000000100000000)
  eden space 4096K, 0% used [0x00000000eab00000,0x00000000eab00000,0x00000000eaf00000)
  from space 1024K, 46% used [0x00000000eb000000,0x00000000eb078000,0x00000000eb100000)
  to   space 1024K, 0% used [0x00000000eaf00000,0x00000000eaf00000,0x00000000eb000000)
 ParOldGen       total 163840K, used 143716K [0x00000000c0000000, 0x00000000ca000000, 0x00000000eab00000)
  object space 163840K, 87% used [0x00000000c0000000,0x00000000c8c591f0,0x00000000ca000000)
 Metaspace       used 101714K, committed 103104K, reserved 1179648K
  class space    used 10485K, committed 11136K, reserved 1048576K
}
Event: 1571.680 GC heap before
{Heap before GC invocations=2664 (full 41):
 PSYoungGen      total 5120K, used 4576K [0x00000000eab00000, 0x00000000eb100000, 0x0000000100000000)
  eden space 4096K, 100% used [0x00000000eab00000,0x00000000eaf00000,0x00000000eaf00000)
  from space 1024K, 46% used [0x00000000eb000000,0x00000000eb078000,0x00000000eb100000)
  to   space 1024K, 0% used [0x00000000eaf00000,0x00000000eaf00000,0x00000000eb000000)
 ParOldGen       total 163840K, used 143716K [0x00000000c0000000, 0x00000000ca000000, 0x00000000eab00000)
  object space 163840K, 87% used [0x00000000c0000000,0x00000000c8c591f0,0x00000000ca000000)
 Metaspace       used 101715K, committed 103104K, reserved 1179648K
  class space    used 10485K, committed 11136K, reserved 1048576K
}
Event: 1571.682 GC heap after
{Heap after GC invocations=2664 (full 41):
 PSYoungGen      total 5120K, used 976K [0x00000000eab00000, 0x00000000eb300000, 0x0000000100000000)
  eden space 4096K, 0% used [0x00000000eab00000,0x00000000eab00000,0x00000000eaf00000)
  from space 1024K, 95% used [0x00000000eaf00000,0x00000000eaff4030,0x00000000eb000000)
  to   space 1536K, 0% used [0x00000000eb180000,0x00000000eb180000,0x00000000eb300000)
 ParOldGen       total 163840K, used 143980K [0x00000000c0000000, 0x00000000ca000000, 0x00000000eab00000)
  object space 163840K, 87% used [0x00000000c0000000,0x00000000c8c9b1f0,0x00000000ca000000)
 Metaspace       used 101715K, committed 103104K, reserved 1179648K
  class space    used 10485K, committed 11136K, reserved 1048576K
}
Event: 1571.696 GC heap before
{Heap before GC invocations=2665 (full 41):
 PSYoungGen      total 5120K, used 5072K [0x00000000eab00000, 0x00000000eb300000, 0x0000000100000000)
  eden space 4096K, 99% used [0x00000000eab00000,0x00000000eaeffff0,0x00000000eaf00000)
  from space 1024K, 95% used [0x00000000eaf00000,0x00000000eaff4030,0x00000000eb000000)
  to   space 1536K, 0% used [0x00000000eb180000,0x00000000eb180000,0x00000000eb300000)
 ParOldGen       total 163840K, used 143980K [0x00000000c0000000, 0x00000000ca000000, 0x00000000eab00000)
  object space 163840K, 87% used [0x00000000c0000000,0x00000000c8c9b1f0,0x00000000ca000000)
 Metaspace       used 101722K, committed 103168K, reserved 1179648K
  class space    used 10485K, committed 11136K, reserved 1048576K
}
Event: 1571.698 GC heap after
{Heap after GC invocations=2665 (full 41):
 PSYoungGen      total 5120K, used 672K [0x00000000eab00000, 0x00000000eb280000, 0x0000000100000000)
  eden space 4096K, 0% used [0x00000000eab00000,0x00000000eab00000,0x00000000eaf00000)
  from space 1024K, 65% used [0x00000000eb180000,0x00000000eb228000,0x00000000eb280000)
  to   space 1024K, 0% used [0x00000000eaf00000,0x00000000eaf00000,0x00000000eb000000)
 ParOldGen       total 163840K, used 144652K [0x00000000c0000000, 0x00000000ca000000, 0x00000000eab00000)
  object space 163840K, 88% used [0x00000000c0000000,0x00000000c8d431f0,0x00000000ca000000)
 Metaspace       used 101722K, committed 103168K, reserved 1179648K
  class space    used 10485K, committed 11136K, reserved 1048576K
}
Event: 1571.709 GC heap before
{Heap before GC invocations=2666 (full 41):
 PSYoungGen      total 5120K, used 4764K [0x00000000eab00000, 0x00000000eb280000, 0x0000000100000000)
  eden space 4096K, 99% used [0x00000000eab00000,0x00000000eaeff070,0x00000000eaf00000)
  from space 1024K, 65% used [0x00000000eb180000,0x00000000eb228000,0x00000000eb280000)
  to   space 1024K, 0% used [0x00000000eaf00000,0x00000000eaf00000,0x00000000eb000000)
 ParOldGen       total 163840K, used 144652K [0x00000000c0000000, 0x00000000ca000000, 0x00000000eab00000)
  object space 163840K, 88% used [0x00000000c0000000,0x00000000c8d431f0,0x00000000ca000000)
 Metaspace       used 101723K, committed 103168K, reserved 1179648K
  class space    used 10485K, committed 11136K, reserved 1048576K
}
Event: 1571.710 GC heap after
{Heap after GC invocations=2666 (full 41):
 PSYoungGen      total 5120K, used 688K [0x00000000eab00000, 0x00000000eb200000, 0x0000000100000000)
  eden space 4096K, 0% used [0x00000000eab00000,0x00000000eab00000,0x00000000eaf00000)
  from space 1024K, 67% used [0x00000000eaf00000,0x00000000eafac010,0x00000000eb000000)
  to   space 1024K, 0% used [0x00000000eb100000,0x00000000eb100000,0x00000000eb200000)
 ParOldGen       total 163840K, used 145180K [0x00000000c0000000, 0x00000000ca000000, 0x00000000eab00000)
  object space 163840K, 88% used [0x00000000c0000000,0x00000000c8dc71f0,0x00000000ca000000)
 Metaspace       used 101723K, committed 103168K, reserved 1179648K
  class space    used 10485K, committed 11136K, reserved 1048576K
}
Event: 1571.858 GC heap before
{Heap before GC invocations=2667 (full 41):
 PSYoungGen      total 5120K, used 4783K [0x00000000eab00000, 0x00000000eb200000, 0x0000000100000000)
  eden space 4096K, 99% used [0x00000000eab00000,0x00000000eaefffe8,0x00000000eaf00000)
  from space 1024K, 67% used [0x00000000eaf00000,0x00000000eafac010,0x00000000eb000000)
  to   space 1024K, 0% used [0x00000000eb100000,0x00000000eb100000,0x00000000eb200000)
 ParOldGen       total 163840K, used 145180K [0x00000000c0000000, 0x00000000ca000000, 0x00000000eab00000)
  object space 163840K, 88% used [0x00000000c0000000,0x00000000c8dc71f0,0x00000000ca000000)
 Metaspace       used 101736K, committed 103168K, reserved 1179648K
  class space    used 10485K, committed 11136K, reserved 1048576K
}
Event: 1571.859 GC heap after
{Heap after GC invocations=2667 (full 41):
 PSYoungGen      total 4608K, used 320K [0x00000000eab00000, 0x00000000eb180000, 0x0000000100000000)
  eden space 4096K, 0% used [0x00000000eab00000,0x00000000eab00000,0x00000000eaf00000)
  from space 512K, 62% used [0x00000000eb100000,0x00000000eb150000,0x00000000eb180000)
  to   space 512K, 0% used [0x00000000eb080000,0x00000000eb080000,0x00000000eb100000)
 ParOldGen       total 163840K, used 145580K [0x00000000c0000000, 0x00000000ca000000, 0x00000000eab00000)
  object space 163840K, 88% used [0x00000000c0000000,0x00000000c8e2b1f0,0x00000000ca000000)
 Metaspace       used 101736K, committed 103168K, reserved 1179648K
  class space    used 10485K, committed 11136K, reserved 1048576K
}
Event: 1571.914 GC heap before
{Heap before GC invocations=2668 (full 41):
 PSYoungGen      total 4608K, used 4416K [0x00000000eab00000, 0x00000000eb180000, 0x0000000100000000)
  eden space 4096K, 100% used [0x00000000eab00000,0x00000000eaf00000,0x00000000eaf00000)
  from space 512K, 62% used [0x00000000eb100000,0x00000000eb150000,0x00000000eb180000)
  to   space 512K, 0% used [0x00000000eb080000,0x00000000eb080000,0x00000000eb100000)
 ParOldGen       total 163840K, used 145580K [0x00000000c0000000, 0x00000000ca000000, 0x00000000eab00000)
  object space 163840K, 88% used [0x00000000c0000000,0x00000000c8e2b1f0,0x00000000ca000000)
 Metaspace       used 101749K, committed 103168K, reserved 1179648K
  class space    used 10486K, committed 11136K, reserved 1048576K
}
Event: 1571.915 GC heap after
{Heap after GC invocations=2668 (full 41):
 PSYoungGen      total 4608K, used 512K [0x00000000eab00000, 0x00000000eb180000, 0x0000000100000000)
  eden space 4096K, 0% used [0x00000000eab00000,0x00000000eab00000,0x00000000eaf00000)
  from space 512K, 100% used [0x00000000eb080000,0x00000000eb100000,0x00000000eb100000)
  to   space 512K, 0% used [0x00000000eb100000,0x00000000eb100000,0x00000000eb180000)
 ParOldGen       total 163840K, used 145796K [0x00000000c0000000, 0x00000000ca000000, 0x00000000eab00000)
  object space 163840K, 88% used [0x00000000c0000000,0x00000000c8e61200,0x00000000ca000000)
 Metaspace       used 101749K, committed 103168K, reserved 1179648K
  class space    used 10486K, committed 11136K, reserved 1048576K
}

